<?xml version="1.0" encoding="UTF-8"?>
<testsuite xmlns:xsi="http://www.w3.org/2001/XMLSchema-instance" xsi:noNamespaceSchemaLocation="https://maven.apache.org/surefire/maven-surefire-plugin/xsd/surefire-test-report.xsd" name="stellarBurgerTest.LogOutTest" time="3.07" tests="1" errors="1" skipped="0" failures="0">
  <properties>
[...]
</properties>
  <testcase name="logoutTest" classname="stellarBurgerTest.LogOutTest" time="3.067">
    <error message="disconnected: Unable to receive message from renderer&#10;  (Session info: chrome=103.0.5060.53)&#10;Build info: version: &apos;4.1.2&apos;, revision: &apos;9a5a329c5a&apos;&#10;System info: host: &apos;MacBook-Pro-Kaspi.local&apos;, ip: &apos;fe80:0:0:0:b5:58a7:5075:53dc%en0&apos;, os.name: &apos;Mac OS X&apos;, os.arch: &apos;x86_64&apos;, os.version: &apos;12.3.1&apos;, java.version: &apos;18.0.1&apos;&#10;Driver info: org.openqa.selenium.chrome.ChromeDriver&#10;Command: [48393119667ab0aa91b255671dfb12b9, get {url=https://stellarburgers.nomoreparties.site}]&#10;selenide.url: https://stellarburgers.nomoreparties.site&#10;Capabilities {acceptInsecureCerts: true, browserName: chrome, browserVersion: 103.0.5060.53, chrome: {chromedriverVersion: 103.0.5060.53 (a1711811edd7..., userDataDir: /var/folders/8z/g28_ghtx3tz...}, goog:chromeOptions: {debuggerAddress: localhost:59989}, javascriptEnabled: true, networkConnectionEnabled: false, pageLoadStrategy: normal, platform: MAC, platformName: MAC, proxy: Proxy(), se:cdp: ws://localhost:59989/devtoo..., se:cdpVersion: 103.0.5060.53, setWindowRect: true, strictFileInteractability: false, timeouts: {implicit: 0, pageLoad: 300000, script: 30000}, unhandledPromptBehavior: dismiss and notify, webauthn:extension:credBlob: true, webauthn:extension:largeBlob: true, webauthn:virtualAuthenticators: true}&#10;selenide.baseUrl: http://localhost:8080&#10;Session ID: 48393119667ab0aa91b255671dfb12b9" type="org.openqa.selenium.WebDriverException"><![CDATA[org.openqa.selenium.WebDriverException: 
disconnected: Unable to receive message from renderer
  (Session info: chrome=103.0.5060.53)
Build info: version: '4.1.2', revision: '9a5a329c5a'
System info: host: 'MacBook-Pro-Kaspi.local', ip: 'fe80:0:0:0:b5:58a7:5075:53dc%en0', os.name: 'Mac OS X', os.arch: 'x86_64', os.version: '12.3.1', java.version: '18.0.1'
Driver info: org.openqa.selenium.chrome.ChromeDriver
Command: [48393119667ab0aa91b255671dfb12b9, get {url=https://stellarburgers.nomoreparties.site}]
selenide.url: https://stellarburgers.nomoreparties.site
Capabilities {acceptInsecureCerts: true, browserName: chrome, browserVersion: 103.0.5060.53, chrome: {chromedriverVersion: 103.0.5060.53 (a1711811edd7..., userDataDir: /var/folders/8z/g28_ghtx3tz...}, goog:chromeOptions: {debuggerAddress: localhost:59989}, javascriptEnabled: true, networkConnectionEnabled: false, pageLoadStrategy: normal, platform: MAC, platformName: MAC, proxy: Proxy(), se:cdp: ws://localhost:59989/devtoo..., se:cdpVersion: 103.0.5060.53, setWindowRect: true, strictFileInteractability: false, timeouts: {implicit: 0, pageLoad: 300000, script: 30000}, unhandledPromptBehavior: dismiss and notify, webauthn:extension:credBlob: true, webauthn:extension:largeBlob: true, webauthn:virtualAuthenticators: true}
selenide.baseUrl: http://localhost:8080
Session ID: 48393119667ab0aa91b255671dfb12b9
	at stellarBurgerTest.LogOutTest.<init>(LogOutTest.java:15)
]]></error>
    <system-err><![CDATA[Starting ChromeDriver 103.0.5060.53 (a1711811edd74ff1cf2150f36ffa3b0dae40b17f-refs/branch-heads/5060@{#853}) on port 62494
Only local connections are allowed.
Please see https://chromedriver.chromium.org/security-considerations for suggestions on keeping ChromeDriver safe.
ChromeDriver was started successfully.
июн. 30, 2022 2:17:56 PM org.openqa.selenium.remote.ProtocolHandshake createSession
INFO: Detected dialect: W3C
июн. 30, 2022 2:17:56 PM org.openqa.selenium.devtools.CdpVersionFinder findNearestMatch
WARNING: Unable to find an exact match for CDP version 103, so returning the closest version found: a no-op implementation
июн. 30, 2022 2:17:56 PM org.openqa.selenium.devtools.CdpVersionFinder findNearestMatch
INFO: Unable to find CDP implementation matching 103.
июн. 30, 2022 2:17:56 PM org.openqa.selenium.chromium.ChromiumDriver lambda$new$3
WARNING: Unable to find version of CDP to use for . You may need to include a dependency on a specific version of the CDP using something similar to `org.seleniumhq.selenium:selenium-devtools-v86:4.1.2` where the version ("v86") matches the version of the chromium-based browser you're using and the version number of the artifact is the same as Selenium's.
[1656577078.547][SEVERE]: Unable to receive message from renderer
]]></system-err>
  </testcase>
</testsuite>