<?xml version="1.0" encoding="UTF-8"?>
<testsuite xmlns:xsi="http://www.w3.org/2001/XMLSchema-instance" xsi:noNamespaceSchemaLocation="https://maven.apache.org/surefire/maven-surefire-plugin/xsd/surefire-test-report.xsd" name="stellarBurgerTest.ConstructorTest" time="17.595" tests="3" errors="0" skipped="0" failures="0">
  <properties>
[...]
</properties>
  <testcase name="openBunsTabTest" classname="stellarBurgerTest.ConstructorTest" time="8.104"/>
  <testcase name="openSauceTabTest" classname="stellarBurgerTest.ConstructorTest" time="4.307"/>
  <testcase name="openFillingsTabTest" classname="stellarBurgerTest.ConstructorTest" time="5.181"/>
</testsuite>